<?xml version="1.0" encoding="UTF-8"?>
<testsuite name="com.stonetree.view.ExampleUnitTest" tests="1" skipped="0" failures="0" errors="0" timestamp="2019-10-26T02:25:53" hostname="BR0FVFY91N8HV2H" time="0.001">
  <properties/>
  <testcase name="addition_isCorrect" classname="com.stonetree.view.ExampleUnitTest" time="0.001"/>
  <system-out><![CDATA[]]></system-out>
  <system-err><![CDATA[]]></system-err>
</testsuite>
